# JRE version: Java(TM) SE Runtime Environment (22.0.1+8) (build 22.0.1+8-16)
# Java VM: Java HotSpot(TM) 64-Bit Server VM (22.0.1+8-16, mixed mode, sharing, tiered, compressed oops, compressed class ptrs, g1 gc, windows-amd64)
GC Precious Log:
 CardTable entry size: 512
 Card Set container configuration: InlinePtr #cards 4 size 8 Array Of Cards #cards 16 size 48 Howl #buckets 8 coarsen threshold 3686 Howl Bitmap #cards 512 size 80 coarsen threshold 460 Card regions per heap region 1 cards per card region 4096
 CPUs: 4 total, 4 available
 Memory: 12026M
 Large Page Support: Disabled
 NUMA Support: Disabled
 Compressed Oops: Enabled (Zero based)
 Heap Region Size: 2M
 Heap Min Capacity: 8M
 Heap Initial Capacity: 188M
 Heap Max Capacity: 3008M
 Pre-touch: Disabled
 Parallel Workers: 4
 Concurrent Workers: 1
 Concurrent Refinement Workers: 4
 Periodic GC: Disabled
Heap:
 garbage-first heap   total reserved 3080192K, committed 67584K, used 53748K [0x0000000744000000, 0x0000000800000000)
  region size 2048K, 11 young (22528K), 2 survivors (4096K)
 Metaspace       used 83009K, committed 83776K, reserved 1179648K
  class space    used 11681K, committed 12032K, reserved 1048576K
GC Heap History (20 events):
Event: 8.684 GC heap before
{Heap before GC invocations=11 (full 0):
 garbage-first heap   total reserved 3080192K, committed 55296K, used 46435K [0x0000000744000000, 0x0000000800000000)
  region size 2048K, 13 young (26624K), 2 survivors (4096K)
 Metaspace       used 50959K, committed 51520K, reserved 1114112K
  class space    used 6784K, committed 7040K, reserved 1048576K
}
Event: 8.695 GC heap after
{Heap after GC invocations=12 (full 0):
 garbage-first heap   total reserved 3080192K, committed 55296K, used 24912K [0x0000000744000000, 0x0000000800000000)
  region size 2048K, 1 young (2048K), 1 survivors (2048K)
 Metaspace       used 50959K, committed 51520K, reserved 1114112K
  class space    used 6784K, committed 7040K, reserved 1048576K
}
Event: 9.193 GC heap before
{Heap before GC invocations=12 (full 0):
 garbage-first heap   total reserved 3080192K, committed 55296K, used 47440K [0x0000000744000000, 0x0000000800000000)
  region size 2048K, 12 young (24576K), 1 survivors (2048K)
 Metaspace       used 58131K, committed 58752K, reserved 1114112K
  class space    used 7908K, committed 8192K, reserved 1048576K
}
Event: 9.197 GC heap after
{Heap after GC invocations=13 (full 0):
 garbage-first heap   total reserved 3080192K, committed 55296K, used 25883K [0x0000000744000000, 0x0000000800000000)
  region size 2048K, 2 young (4096K), 2 survivors (4096K)
 Metaspace       used 58131K, committed 58752K, reserved 1114112K
  class space    used 7908K, committed 8192K, reserved 1048576K
}
Event: 9.434 GC heap before
{Heap before GC invocations=13 (full 0):
 garbage-first heap   total reserved 3080192K, committed 55296K, used 36123K [0x0000000744000000, 0x0000000800000000)
  region size 2048K, 8 young (16384K), 2 survivors (4096K)
 Metaspace       used 59910K, committed 60480K, reserved 1114112K
  class space    used 8170K, committed 8448K, reserved 1048576K
}
Event: 9.440 GC heap after
{Heap after GC invocations=14 (full 0):
 garbage-first heap   total reserved 3080192K, committed 55296K, used 26587K [0x0000000744000000, 0x0000000800000000)
  region size 2048K, 1 young (2048K), 1 survivors (2048K)
 Metaspace       used 59910K, committed 60480K, reserved 1114112K
  class space    used 8170K, committed 8448K, reserved 1048576K
}
Event: 9.910 GC heap before
{Heap before GC invocations=15 (full 0):
 garbage-first heap   total reserved 3080192K, committed 55296K, used 47067K [0x0000000744000000, 0x0000000800000000)
  region size 2048K, 11 young (22528K), 1 survivors (2048K)
 Metaspace       used 64430K, committed 65152K, reserved 1114112K
  class space    used 8822K, committed 9152K, reserved 1048576K
}
Event: 9.916 GC heap after
{Heap after GC invocations=16 (full 0):
 garbage-first heap   total reserved 3080192K, committed 67584K, used 27904K [0x0000000744000000, 0x0000000800000000)
  region size 2048K, 2 young (4096K), 2 survivors (4096K)
 Metaspace       used 64430K, committed 65152K, reserved 1114112K
  class space    used 8822K, committed 9152K, reserved 1048576K
}
Event: 10.691 GC heap before
{Heap before GC invocations=16 (full 0):
 garbage-first heap   total reserved 3080192K, committed 67584K, used 54528K [0x0000000744000000, 0x0000000800000000)
  region size 2048K, 15 young (30720K), 2 survivors (4096K)
 Metaspace       used 68685K, committed 69376K, reserved 1114112K
  class space    used 9546K, committed 9856K, reserved 1048576K
}
Event: 10.698 GC heap after
{Heap after GC invocations=17 (full 0):
 garbage-first heap   total reserved 3080192K, committed 67584K, used 29750K [0x0000000744000000, 0x0000000800000000)
  region size 2048K, 2 young (4096K), 2 survivors (4096K)
 Metaspace       used 68685K, committed 69376K, reserved 1114112K
  class space    used 9546K, committed 9856K, reserved 1048576K
}
Event: 11.495 GC heap before
{Heap before GC invocations=17 (full 0):
 garbage-first heap   total reserved 3080192K, committed 67584K, used 56374K [0x0000000744000000, 0x0000000800000000)
  region size 2048K, 15 young (30720K), 2 survivors (4096K)
 Metaspace       used 71854K, committed 72576K, reserved 1114112K
  class space    used 10152K, committed 10496K, reserved 1048576K
}
Event: 11.503 GC heap after
{Heap after GC invocations=18 (full 0):
 garbage-first heap   total reserved 3080192K, committed 67584K, used 32039K [0x0000000744000000, 0x0000000800000000)
  region size 2048K, 1 young (2048K), 1 survivors (2048K)
 Metaspace       used 71854K, committed 72576K, reserved 1114112K
  class space    used 10152K, committed 10496K, reserved 1048576K
}
Event: 11.902 GC heap before
{Heap before GC invocations=18 (full 0):
 garbage-first heap   total reserved 3080192K, committed 67584K, used 58663K [0x0000000744000000, 0x0000000800000000)
  region size 2048K, 14 young (28672K), 1 survivors (2048K)
 Metaspace       used 72219K, committed 72960K, reserved 1114112K
  class space    used 10198K, committed 10496K, reserved 1048576K
}
Event: 11.906 GC heap after
{Heap after GC invocations=19 (full 0):
 garbage-first heap   total reserved 3080192K, committed 67584K, used 32711K [0x0000000744000000, 0x0000000800000000)
  region size 2048K, 2 young (4096K), 2 survivors (4096K)
 Metaspace       used 72219K, committed 72960K, reserved 1114112K
  class space    used 10198K, committed 10496K, reserved 1048576K
}
Event: 12.465 GC heap before
{Heap before GC invocations=20 (full 0):
 garbage-first heap   total reserved 3080192K, committed 67584K, used 55239K [0x0000000744000000, 0x0000000800000000)
  region size 2048K, 13 young (26624K), 2 survivors (4096K)
 Metaspace       used 73962K, committed 74624K, reserved 1114112K
  class space    used 10442K, committed 10752K, reserved 1048576K
}
Event: 12.470 GC heap after
{Heap after GC invocations=21 (full 0):
 garbage-first heap   total reserved 3080192K, committed 67584K, used 34406K [0x0000000744000000, 0x0000000800000000)
  region size 2048K, 2 young (4096K), 2 survivors (4096K)
 Metaspace       used 73962K, committed 74624K, reserved 1114112K
  class space    used 10442K, committed 10752K, reserved 1048576K
}
Event: 12.836 GC heap before
{Heap before GC invocations=21 (full 0):
 garbage-first heap   total reserved 3080192K, committed 67584K, used 54886K [0x0000000744000000, 0x0000000800000000)
  region size 2048K, 12 young (24576K), 2 survivors (4096K)
 Metaspace       used 75604K, committed 76352K, reserved 1114112K
  class space    used 10690K, committed 11008K, reserved 1048576K
}
Event: 12.848 GC heap after
{Heap after GC invocations=22 (full 0):
 garbage-first heap   total reserved 3080192K, committed 67584K, used 35733K [0x0000000744000000, 0x0000000800000000)
  region size 2048K, 2 young (4096K), 2 survivors (4096K)
 Metaspace       used 75604K, committed 76352K, reserved 1114112K
  class space    used 10690K, committed 11008K, reserved 1048576K
}
Event: 19.784 GC heap before
{Heap before GC invocations=22 (full 0):
 garbage-first heap   total reserved 3080192K, committed 67584K, used 54165K [0x0000000744000000, 0x0000000800000000)
  region size 2048K, 12 young (24576K), 2 survivors (4096K)
 Metaspace       used 79764K, committed 80512K, reserved 1179648K
  class space    used 11262K, committed 11584K, reserved 1048576K
}
Event: 19.791 GC heap after
{Heap after GC invocations=23 (full 0):
 garbage-first heap   total reserved 3080192K, committed 67584K, used 37364K [0x0000000744000000, 0x0000000800000000)
  region size 2048K, 2 young (4096K), 2 survivors (4096K)
 Metaspace       used 79764K, committed 80512K, reserved 1179648K
  class space    used 11262K, committed 11584K, reserved 1048576K
}

